<html>
<head>
<title>TestNG:  Default test</title>
<link href="../testng.css" rel="stylesheet" type="text/css" />
<link href="../my-testng.css" rel="stylesheet" type="text/css" />

<style type="text/css">
.log { display: none;} 
.stack-trace { display: none;} 
</style>
<script type="text/javascript">
<!--
function flip(e) {
  current = e.style.display;
  if (current == 'block') {
    e.style.display = 'none';
    return 0;
  }
  else {
    e.style.display = 'block';
    return 1;
  }
}

function toggleBox(szDivId, elem, msg1, msg2)
{
  var res = -1;  if (document.getElementById) {
    res = flip(document.getElementById(szDivId));
  }
  else if (document.all) {
    // this is the way old msie versions work
    res = flip(document.all[szDivId]);
  }
  if(elem) {
    if(res == 0) elem.innerHTML = msg1; else elem.innerHTML = msg2;
  }

}

function toggleAllBoxes() {
  if (document.getElementsByTagName) {
    d = document.getElementsByTagName('div');
    for (i = 0; i < d.length; i++) {
      if (d[i].className == 'log') {
        flip(d[i]);
      }
    }
  }
}

// -->
</script>

</head>
<body>
<h2 align='center'>Default test</h2><table border='1' align="center">
<tr>
<td>Tests passed/Failed/Skipped:</td><td>2/2/0</td>
</tr><tr>
<td>Started on:</td><td>Mon Jun 20 14:09:37 IST 2022</td>
</tr>
<tr><td>Total time:</td><td>40 seconds (40451 ms)</td>
</tr><tr>
<td>Included groups:</td><td></td>
</tr><tr>
<td>Excluded groups:</td><td></td>
</tr>
</table><p/>
<small><i>(Hover the method name to see the test class name)</i></small><p/>
<table width='100%' border='1' class='invocation-failed'>
<tr><td colspan='4' align='center'><b>FAILED TESTS</b></td></tr>
<tr><td><b>Test method</b></td>
<td width="30%"><b>Exception</b></td>
<td width="10%"><b>Time (seconds)</b></td>
<td><b>Instance</b></td>
</tr>
<tr>
<td title='RunnerFile.Login1Runner.runScenario()'><b>runScenario</b><br>Test class: RunnerFile.Login1Runner<br>Test method: Runs Cucumber Scenarios<br>Parameters: "Check Login is success", "Optional[Test Login]"</td>
<td><div><pre>java.lang.AssertionError: expected [Nike. Just Do It. Nike IN] but found [Log in]
	at org.testng.Assert.fail(Assert.java:99)
	at org.testng.Assert.failNotEquals(Assert.java:1037)
	at org.testng.Assert.assertEqualsImpl(Assert.java:140)
	at org.testng.Assert.assertEquals(Assert.java:122)
	at org.testng.Assert.assertEquals(Assert.java:629)
	at org.testng.Assert.assertEquals(Assert.java:639)
	at StepDefinations.Login1Step.user_is_naigated_to_the_home_page(Login1Step.java:36)
	at ?.user is naigated to the home page(file:///C:/Users/FouzanJ/eclipse-workspace/CucumberNew/CucumberTest/./src/test/java/featuresFile/Login1.feature:9)
</pre></div><a href='#' onClick='toggleBox("stack-trace1901945192", this, "Click to show all stack frames", "Click to hide stack frames")'>Click to show all stack frames</a>
<div class='stack-trace' id='stack-trace1901945192'><pre>java.lang.AssertionError: expected [Nike. Just Do It. Nike IN] but found [Log in]
	at org.testng.Assert.fail(Assert.java:99)
	at org.testng.Assert.failNotEquals(Assert.java:1037)
	at org.testng.Assert.assertEqualsImpl(Assert.java:140)
	at org.testng.Assert.assertEquals(Assert.java:122)
	at org.testng.Assert.assertEquals(Assert.java:629)
	at org.testng.Assert.assertEquals(Assert.java:639)
	at StepDefinations.Login1Step.user_is_naigated_to_the_home_page(Login1Step.java:36)
	at ?.user is naigated to the home page(file:///C:/Users/FouzanJ/eclipse-workspace/CucumberNew/CucumberTest/./src/test/java/featuresFile/Login1.feature:9)
</pre></div></td>
<td>5</td>
<td>RunnerFile.Login1Runner@485966cc</td></tr>
<tr>
<td title='RunnerFile.Login1Runner.runScenario()'><b>runScenario</b><br>Test class: RunnerFile.Login1Runner<br>Test method: Runs Cucumber Scenarios<br>Parameters: "Check Login is success", "Optional[Test Login]"</td>
<td><div><pre>java.lang.AssertionError: expected [Nike. Just Do It. Nike IN] but found [Log in]
	at org.testng.Assert.fail(Assert.java:99)
	at org.testng.Assert.failNotEquals(Assert.java:1037)
	at org.testng.Assert.assertEqualsImpl(Assert.java:140)
	at org.testng.Assert.assertEquals(Assert.java:122)
	at org.testng.Assert.assertEquals(Assert.java:629)
	at org.testng.Assert.assertEquals(Assert.java:639)
	at StepDefinations.Login1Step.user_is_naigated_to_the_home_page(Login1Step.java:36)
	at ?.user is naigated to the home page(file:///C:/Users/FouzanJ/eclipse-workspace/CucumberNew/CucumberTest/./src/test/java/featuresFile/Login1.feature:9)
</pre></div><a href='#' onClick='toggleBox("stack-trace904409454", this, "Click to show all stack frames", "Click to hide stack frames")'>Click to show all stack frames</a>
<div class='stack-trace' id='stack-trace904409454'><pre>java.lang.AssertionError: expected [Nike. Just Do It. Nike IN] but found [Log in]
	at org.testng.Assert.fail(Assert.java:99)
	at org.testng.Assert.failNotEquals(Assert.java:1037)
	at org.testng.Assert.assertEqualsImpl(Assert.java:140)
	at org.testng.Assert.assertEquals(Assert.java:122)
	at org.testng.Assert.assertEquals(Assert.java:629)
	at org.testng.Assert.assertEquals(Assert.java:639)
	at StepDefinations.Login1Step.user_is_naigated_to_the_home_page(Login1Step.java:36)
	at ?.user is naigated to the home page(file:///C:/Users/FouzanJ/eclipse-workspace/CucumberNew/CucumberTest/./src/test/java/featuresFile/Login1.feature:9)
</pre></div></td>
<td>7</td>
<td>RunnerFile.Login1Runner@485966cc</td></tr>
</table><p>
<table width='100%' border='1' class='invocation-passed'>
<tr><td colspan='4' align='center'><b>PASSED TESTS</b></td></tr>
<tr><td><b>Test method</b></td>
<td width="30%"><b>Exception</b></td>
<td width="10%"><b>Time (seconds)</b></td>
<td><b>Instance</b></td>
</tr>
<tr>
<td title='RunnerFile.Login1Runner.NavBar_Action()'><b>NavBar_Action</b><br>Test class: RunnerFile.Login1Runner</td>
<td></td>
<td>5</td>
<td>RunnerFile.Login1Runner@485966cc</td></tr>
<tr>
<td title='RunnerFile.Login1Runner.Carrer_Btn_Scroll()'><b>Carrer_Btn_Scroll</b><br>Test class: RunnerFile.Login1Runner</td>
<td></td>
<td>8</td>
<td>RunnerFile.Login1Runner@485966cc</td></tr>
</table><p>
</body>
</html>