<?xml version="1.0" encoding="UTF-8"?>
<!-- Generated by org.testng.reporters.JUnitXMLReporter -->
<testsuite ignored="0" hostname="NSL-6533" failures="2" tests="4" name="Default test" time="40.451" errors="0" timestamp="2022-06-20T14:10:17 IST">
  <testcase classname="io.cucumber.testng.AbstractTestNGCucumberTests" name="runScenario" time="7.033">
    <failure type="java.lang.AssertionError" message="expected [Nike. Just Do It. Nike IN] but found [Log in]">
      <![CDATA[java.lang.AssertionError: expected [Nike. Just Do It. Nike IN] but found [Log in]
at org.testng.Assert.fail(Assert.java:99)
at org.testng.Assert.failNotEquals(Assert.java:1037)
at org.testng.Assert.assertEqualsImpl(Assert.java:140)
at org.testng.Assert.assertEquals(Assert.java:122)
at org.testng.Assert.assertEquals(Assert.java:629)
at org.testng.Assert.assertEquals(Assert.java:639)
at StepDefinations.Login1Step.user_is_naigated_to_the_home_page(Login1Step.java:36)
at ✽.user is naigated to the home page(file:///C:/Users/FouzanJ/eclipse-workspace/CucumberNew/CucumberTest/./src/test/java/featuresFile/Login1.feature:9)
]]>
    </failure>
  </testcase> <!-- runScenario -->
  <testcase classname="io.cucumber.testng.AbstractTestNGCucumberTests" name="runScenario" time="5.853">
    <failure type="java.lang.AssertionError" message="expected [Nike. Just Do It. Nike IN] but found [Log in]">
      <![CDATA[java.lang.AssertionError: expected [Nike. Just Do It. Nike IN] but found [Log in]
at org.testng.Assert.fail(Assert.java:99)
at org.testng.Assert.failNotEquals(Assert.java:1037)
at org.testng.Assert.assertEqualsImpl(Assert.java:140)
at org.testng.Assert.assertEquals(Assert.java:122)
at org.testng.Assert.assertEquals(Assert.java:629)
at org.testng.Assert.assertEquals(Assert.java:639)
at StepDefinations.Login1Step.user_is_naigated_to_the_home_page(Login1Step.java:36)
at ✽.user is naigated to the home page(file:///C:/Users/FouzanJ/eclipse-workspace/CucumberNew/CucumberTest/./src/test/java/featuresFile/Login1.feature:9)
]]>
    </failure>
  </testcase> <!-- runScenario -->
  <testcase classname="pages.BaseTestPage" name="Carrer_Btn_Scroll" time="8.28"/>
  <testcase classname="pages.BaseTestPage" name="NavBar_Action" time="5.056"/>
</testsuite> <!-- Default test -->
